<?xml version="1.0" encoding="UTF-8"?>
<testsuite name="com.bus24.integration.Bus24IntegrationApplicationTests" time="0" tests="1" errors="1" skipped="0" failures="0">
  <properties>
    <property name="java.runtime.name" value="Java(TM) SE Runtime Environment"/>
    <property name="sun.boot.library.path" value="C:\Program Files\Java\jdk1.8.0_101\jre\bin"/>
    <property name="java.vm.version" value="25.101-b13"/>
    <property name="java.vm.vendor" value="Oracle Corporation"/>
    <property name="java.vendor.url" value="http://java.oracle.com/"/>
    <property name="path.separator" value=";"/>
    <property name="guice.disable.misplaced.annotation.check" value="true"/>
    <property name="java.vm.name" value="Java HotSpot(TM) 64-Bit Server VM"/>
    <property name="file.encoding.pkg" value="sun.io"/>
    <property name="user.script" value=""/>
    <property name="user.country" value="US"/>
    <property name="sun.java.launcher" value="SUN_STANDARD"/>
    <property name="sun.os.patch.level" value="Service Pack 1"/>
    <property name="java.vm.specification.name" value="Java Virtual Machine Specification"/>
    <property name="user.dir" value="G:\STSPROGRAM\Bus24_Integration"/>
    <property name="java.runtime.version" value="1.8.0_101-b13"/>
    <property name="java.awt.graphicsenv" value="sun.awt.Win32GraphicsEnvironment"/>
    <property name="java.endorsed.dirs" value="C:\Program Files\Java\jdk1.8.0_101\jre\lib\endorsed"/>
    <property name="os.arch" value="amd64"/>
    <property name="java.io.tmpdir" value="C:\Users\DELL\AppData\Local\Temp\"/>
    <property name="line.separator" value="&#10;"/>
    <property name="java.vm.specification.vendor" value="Oracle Corporation"/>
    <property name="user.variant" value=""/>
    <property name="os.name" value="Windows 7"/>
    <property name="classworlds.conf" value="E:\SOFTWARE MAVEN\apache-maven-3.2.5\bin\..\bin\m2.conf"/>
    <property name="sun.jnu.encoding" value="Cp1252"/>
    <property name="java.library.path" value="C:\Program Files\Java\jdk1.8.0_101\bin;C:\Windows\Sun\Java\bin;C:\Windows\system32;C:\Windows;C:\ProgramData\Oracle\Java\javapath;C:\oraclexe\app\oracle\product\10.2.0\server\bin;C:\Program Files\Java\jdk1.8.0_101\bin;C:\Oracle\Middleware\jdk160_14_R27.6.5-32\bin;C:\Oracle\Middleware\wlserver_10.3\server\lib\weblogic.jar;C:\Program Files (x86)\MySQL\MySQL Fabric 1.5 &amp; MySQL Utilities 1.5\;C:\Program Files (x86)\MySQL\MySQL Fabric 1.5 &amp; MySQL Utilities 1.5\Doctrine extensions for PHP\;E:\SOFTWARE GLASSFISH\glassfish4\bin;C:\Program Files\Apache Software Foundation\Tomcat 7.0\bin\bin;E:\SOFTWARE MAVEN\apache-maven-3.2.5\bin;C:\Program Files\VisualSVN Server\bin;C:\Program Files\TortoiseSVN\bin;C:\Program Files\Apache Software Foundation\Tomcat 7.0\bin;C:\Program Files\Git\cmd;C:\Program Files\nodejs\;C:\Sun\jwsdp-2.0\jaxrpc\bin;C:\Sun\jwsdp-2.0\jwsdp-shared\bin;C:\Users\DELL\AppData\Roaming\npm;."/>
    <property name="java.specification.name" value="Java Platform API Specification"/>
    <property name="java.class.version" value="52.0"/>
    <property name="sun.management.compiler" value="HotSpot 64-Bit Tiered Compilers"/>
    <property name="os.version" value="6.1"/>
    <property name="user.home" value="C:\Users\DELL"/>
    <property name="user.timezone" value="Asia/Calcutta"/>
    <property name="java.awt.printerjob" value="sun.awt.windows.WPrinterJob"/>
    <property name="java.specification.version" value="1.8"/>
    <property name="file.encoding" value="Cp1252"/>
    <property name="user.name" value="DELL"/>
    <property name="java.class.path" value="E:\SOFTWARE MAVEN\apache-maven-3.2.5\bin\..\boot\plexus-classworlds-2.5.2.jar"/>
    <property name="java.vm.specification.version" value="1.8"/>
    <property name="sun.arch.data.model" value="64"/>
    <property name="java.home" value="C:\Program Files\Java\jdk1.8.0_101\jre"/>
    <property name="sun.java.command" value="org.codehaus.plexus.classworlds.launcher.Launcher clean install"/>
    <property name="java.specification.vendor" value="Oracle Corporation"/>
    <property name="user.language" value="en"/>
    <property name="awt.toolkit" value="sun.awt.windows.WToolkit"/>
    <property name="java.vm.info" value="mixed mode"/>
    <property name="java.version" value="1.8.0_101"/>
    <property name="java.ext.dirs" value="C:\Program Files\Java\jdk1.8.0_101\jre\lib\ext;C:\Windows\Sun\Java\lib\ext"/>
    <property name="sun.boot.class.path" value="C:\Program Files\Java\jdk1.8.0_101\jre\lib\resources.jar;C:\Program Files\Java\jdk1.8.0_101\jre\lib\rt.jar;C:\Program Files\Java\jdk1.8.0_101\jre\lib\sunrsasign.jar;C:\Program Files\Java\jdk1.8.0_101\jre\lib\jsse.jar;C:\Program Files\Java\jdk1.8.0_101\jre\lib\jce.jar;C:\Program Files\Java\jdk1.8.0_101\jre\lib\charsets.jar;C:\Program Files\Java\jdk1.8.0_101\jre\lib\jfr.jar;C:\Program Files\Java\jdk1.8.0_101\jre\classes"/>
    <property name="sun.stderr.encoding" value="cp437"/>
    <property name="java.vendor" value="Oracle Corporation"/>
    <property name="maven.home" value="E:\SOFTWARE MAVEN\apache-maven-3.2.5\bin\.."/>
    <property name="file.separator" value="\"/>
    <property name="java.vendor.url.bug" value="http://bugreport.sun.com/bugreport/"/>
    <property name="sun.cpu.endian" value="little"/>
    <property name="sun.io.unicode.encoding" value="UnicodeLittle"/>
    <property name="sun.stdout.encoding" value="cp437"/>
    <property name="sun.desktop" value="windows"/>
    <property name="sun.cpu.isalist" value="amd64"/>
  </properties>
  <testcase name="initializationError" classname="com.bus24.integration.Bus24IntegrationApplicationTests" time="0">
    <error message="Unable to find a @SpringBootConfiguration, you need to use @ContextConfiguration or @SpringBootTest(classes=...) with your test" type="java.lang.IllegalStateException"><![CDATA[java.lang.IllegalStateException: Unable to find a @SpringBootConfiguration, you need to use @ContextConfiguration or @SpringBootTest(classes=...) with your test
	at org.springframework.util.Assert.state(Assert.java:70)
	at org.springframework.boot.test.context.SpringBootTestContextBootstrapper.getOrFindConfigurationClasses(SpringBootTestContextBootstrapper.java:173)
	at org.springframework.boot.test.context.SpringBootTestContextBootstrapper.processMergedContextConfiguration(SpringBootTestContextBootstrapper.java:133)
	at org.springframework.test.context.support.AbstractTestContextBootstrapper.buildMergedContextConfiguration(AbstractTestContextBootstrapper.java:409)
	at org.springframework.test.context.support.AbstractTestContextBootstrapper.buildDefaultMergedContextConfiguration(AbstractTestContextBootstrapper.java:323)
	at org.springframework.test.context.support.AbstractTestContextBootstrapper.buildMergedContextConfiguration(AbstractTestContextBootstrapper.java:277)
	at org.springframework.test.context.support.AbstractTestContextBootstrapper.buildTestContext(AbstractTestContextBootstrapper.java:112)
	at org.springframework.boot.test.context.SpringBootTestContextBootstrapper.buildTestContext(SpringBootTestContextBootstrapper.java:78)
	at org.springframework.test.context.TestContextManager.<init>(TestContextManager.java:120)
	at org.springframework.test.context.TestContextManager.<init>(TestContextManager.java:105)
	at org.springframework.test.context.junit4.SpringJUnit4ClassRunner.createTestContextManager(SpringJUnit4ClassRunner.java:152)
	at org.springframework.test.context.junit4.SpringJUnit4ClassRunner.<init>(SpringJUnit4ClassRunner.java:143)
	at org.springframework.test.context.junit4.SpringRunner.<init>(SpringRunner.java:49)
	at sun.reflect.NativeConstructorAccessorImpl.newInstance0(Native Method)
	at sun.reflect.NativeConstructorAccessorImpl.newInstance(NativeConstructorAccessorImpl.java:62)
	at sun.reflect.DelegatingConstructorAccessorImpl.newInstance(DelegatingConstructorAccessorImpl.java:45)
	at java.lang.reflect.Constructor.newInstance(Constructor.java:423)
	at org.junit.internal.builders.AnnotatedBuilder.buildRunner(AnnotatedBuilder.java:104)
	at org.junit.internal.builders.AnnotatedBuilder.runnerForClass(AnnotatedBuilder.java:86)
	at org.junit.runners.model.RunnerBuilder.safeRunnerForClass(RunnerBuilder.java:59)
	at org.junit.internal.builders.AllDefaultPossibilitiesBuilder.runnerForClass(AllDefaultPossibilitiesBuilder.java:26)
	at org.junit.runners.model.RunnerBuilder.safeRunnerForClass(RunnerBuilder.java:59)
	at org.junit.internal.requests.ClassRequest.getRunner(ClassRequest.java:33)
	at org.apache.maven.surefire.junit4.JUnit4Provider.execute(JUnit4Provider.java:283)
	at org.apache.maven.surefire.junit4.JUnit4Provider.executeWithRerun(JUnit4Provider.java:173)
	at org.apache.maven.surefire.junit4.JUnit4Provider.executeTestSet(JUnit4Provider.java:153)
	at org.apache.maven.surefire.junit4.JUnit4Provider.invoke(JUnit4Provider.java:128)
	at org.apache.maven.surefire.booter.ForkedBooter.invokeProviderInSameClassLoader(ForkedBooter.java:203)
	at org.apache.maven.surefire.booter.ForkedBooter.runSuitesInProcess(ForkedBooter.java:155)
	at org.apache.maven.surefire.booter.ForkedBooter.main(ForkedBooter.java:103)
]]></error>
    <system-out><![CDATA[09:11:36.021 [main] DEBUG org.springframework.test.context.junit4.SpringJUnit4ClassRunner - SpringJUnit4ClassRunner constructor called with [class com.bus24.integration.Bus24IntegrationApplicationTests]
09:11:36.053 [main] DEBUG org.springframework.test.context.BootstrapUtils - Instantiating CacheAwareContextLoaderDelegate from class [org.springframework.test.context.cache.DefaultCacheAwareContextLoaderDelegate]
09:11:36.365 [main] DEBUG org.springframework.test.context.BootstrapUtils - Instantiating BootstrapContext using constructor [public org.springframework.test.context.support.DefaultBootstrapContext(java.lang.Class,org.springframework.test.context.CacheAwareContextLoaderDelegate)]
09:11:36.411 [main] DEBUG org.springframework.test.context.BootstrapUtils - Instantiating TestContextBootstrapper for test class [com.bus24.integration.Bus24IntegrationApplicationTests] from class [org.springframework.boot.test.context.SpringBootTestContextBootstrapper]
09:11:36.443 [main] INFO org.springframework.boot.test.context.SpringBootTestContextBootstrapper - Neither @ContextConfiguration nor @ContextHierarchy found for test class [com.bus24.integration.Bus24IntegrationApplicationTests], using SpringBootContextLoader
09:11:36.458 [main] DEBUG org.springframework.test.context.support.AbstractContextLoader - Did not detect default resource location for test class [com.bus24.integration.Bus24IntegrationApplicationTests]: class path resource [com/bus24/integration/Bus24IntegrationApplicationTests-context.xml] does not exist
09:11:36.458 [main] DEBUG org.springframework.test.context.support.AbstractContextLoader - Did not detect default resource location for test class [com.bus24.integration.Bus24IntegrationApplicationTests]: class path resource [com/bus24/integration/Bus24IntegrationApplicationTestsContext.groovy] does not exist
09:11:36.458 [main] INFO org.springframework.test.context.support.AbstractContextLoader - Could not detect default resource locations for test class [com.bus24.integration.Bus24IntegrationApplicationTests]: no resource found for suffixes {-context.xml, Context.groovy}.
09:11:36.458 [main] INFO org.springframework.test.context.support.AnnotationConfigContextLoaderUtils - Could not detect default configuration classes for test class [com.bus24.integration.Bus24IntegrationApplicationTests]: Bus24IntegrationApplicationTests does not declare any static, non-private, non-final, nested classes annotated with @Configuration.
09:11:36.552 [main] DEBUG org.springframework.test.context.support.ActiveProfilesUtils - Could not find an 'annotation declaring class' for annotation type [org.springframework.test.context.ActiveProfiles] and class [com.bus24.integration.Bus24IntegrationApplicationTests]
09:11:36.583 [main] DEBUG org.springframework.core.env.StandardEnvironment - Adding [systemProperties] PropertySource with lowest search precedence
09:11:36.583 [main] DEBUG org.springframework.core.env.StandardEnvironment - Adding [systemEnvironment] PropertySource with lowest search precedence
09:11:36.583 [main] DEBUG org.springframework.core.env.StandardEnvironment - Initialized StandardEnvironment with PropertySources [systemProperties,systemEnvironment]
09:11:36.614 [main] DEBUG org.springframework.core.io.support.PathMatchingResourcePatternResolver - Resolved classpath location [com/bus24/integration/] to resources [URL [file:/G:/STSPROGRAM/Bus24_Integration/target/test-classes/com/bus24/integration/], URL [file:/G:/STSPROGRAM/Bus24_Integration/target/classes/com/bus24/integration/]]
09:11:36.614 [main] DEBUG org.springframework.core.io.support.PathMatchingResourcePatternResolver - Looking for matching resources in directory tree [G:\STSPROGRAM\Bus24_Integration\target\test-classes\com\bus24\integration]
09:11:36.614 [main] DEBUG org.springframework.core.io.support.PathMatchingResourcePatternResolver - Searching directory [G:\STSPROGRAM\Bus24_Integration\target\test-classes\com\bus24\integration] for files matching pattern [G:/STSPROGRAM/Bus24_Integration/target/test-classes/com/bus24/integration/*.class]
09:11:36.614 [main] DEBUG org.springframework.core.io.support.PathMatchingResourcePatternResolver - Looking for matching resources in directory tree [G:\STSPROGRAM\Bus24_Integration\target\classes\com\bus24\integration]
09:11:36.614 [main] DEBUG org.springframework.core.io.support.PathMatchingResourcePatternResolver - Searching directory [G:\STSPROGRAM\Bus24_Integration\target\classes\com\bus24\integration] for files matching pattern [G:/STSPROGRAM/Bus24_Integration/target/classes/com/bus24/integration/*.class]
09:11:36.614 [main] DEBUG org.springframework.core.io.support.PathMatchingResourcePatternResolver - Resolved location pattern [classpath*:com/bus24/integration/*.class] to resources [file [G:\STSPROGRAM\Bus24_Integration\target\test-classes\com\bus24\integration\Bus24IntegrationApplicationTests.class], file [G:\STSPROGRAM\Bus24_Integration\target\classes\com\bus24\integration\UserSmsServiceClient.class], file [G:\STSPROGRAM\Bus24_Integration\target\classes\com\bus24\integration\UserSmsServiceClientImpl.class]]
09:11:36.692 [main] DEBUG org.springframework.core.io.support.PathMatchingResourcePatternResolver - Resolved classpath location [com/bus24/] to resources [URL [file:/G:/STSPROGRAM/Bus24_Integration/target/test-classes/com/bus24/], URL [file:/G:/STSPROGRAM/Bus24_Integration/target/classes/com/bus24/]]
09:11:36.692 [main] DEBUG org.springframework.core.io.support.PathMatchingResourcePatternResolver - Looking for matching resources in directory tree [G:\STSPROGRAM\Bus24_Integration\target\test-classes\com\bus24]
09:11:36.692 [main] DEBUG org.springframework.core.io.support.PathMatchingResourcePatternResolver - Searching directory [G:\STSPROGRAM\Bus24_Integration\target\test-classes\com\bus24] for files matching pattern [G:/STSPROGRAM/Bus24_Integration/target/test-classes/com/bus24/*.class]
09:11:36.692 [main] DEBUG org.springframework.core.io.support.PathMatchingResourcePatternResolver - Looking for matching resources in directory tree [G:\STSPROGRAM\Bus24_Integration\target\classes\com\bus24]
09:11:36.692 [main] DEBUG org.springframework.core.io.support.PathMatchingResourcePatternResolver - Searching directory [G:\STSPROGRAM\Bus24_Integration\target\classes\com\bus24] for files matching pattern [G:/STSPROGRAM/Bus24_Integration/target/classes/com/bus24/*.class]
09:11:36.692 [main] DEBUG org.springframework.core.io.support.PathMatchingResourcePatternResolver - Resolved location pattern [classpath*:com/bus24/*.class] to resources []
09:11:36.708 [main] DEBUG org.springframework.core.io.support.PathMatchingResourcePatternResolver - Resolved classpath location [com/] to resources [URL [file:/G:/STSPROGRAM/Bus24_Integration/target/test-classes/com/], URL [file:/G:/STSPROGRAM/Bus24_Integration/target/classes/com/], URL [jar:file:/C:/Users/DELL/.m2/repository/com/jayway/jsonpath/json-path/2.2.0/json-path-2.2.0.jar!/com/]]
09:11:36.708 [main] DEBUG org.springframework.core.io.support.PathMatchingResourcePatternResolver - Looking for matching resources in directory tree [G:\STSPROGRAM\Bus24_Integration\target\test-classes\com]
09:11:36.708 [main] DEBUG org.springframework.core.io.support.PathMatchingResourcePatternResolver - Searching directory [G:\STSPROGRAM\Bus24_Integration\target\test-classes\com] for files matching pattern [G:/STSPROGRAM/Bus24_Integration/target/test-classes/com/*.class]
09:11:36.708 [main] DEBUG org.springframework.core.io.support.PathMatchingResourcePatternResolver - Looking for matching resources in directory tree [G:\STSPROGRAM\Bus24_Integration\target\classes\com]
09:11:36.708 [main] DEBUG org.springframework.core.io.support.PathMatchingResourcePatternResolver - Searching directory [G:\STSPROGRAM\Bus24_Integration\target\classes\com] for files matching pattern [G:/STSPROGRAM/Bus24_Integration/target/classes/com/*.class]
09:11:36.708 [main] DEBUG org.springframework.core.io.support.PathMatchingResourcePatternResolver - Looking for matching resources in jar file [file:/C:/Users/DELL/.m2/repository/com/jayway/jsonpath/json-path/2.2.0/json-path-2.2.0.jar]
09:11:36.708 [main] DEBUG org.springframework.core.io.support.PathMatchingResourcePatternResolver - Resolved location pattern [classpath*:com/*.class] to resources []
09:11:36.755 [main] DEBUG org.springframework.test.context.junit4.SpringJUnit4ClassRunner - SpringJUnit4ClassRunner constructor called with [class com.bus24.integration.Bus24IntegrationApplicationTests]
09:11:36.755 [main] DEBUG org.springframework.test.context.BootstrapUtils - Instantiating CacheAwareContextLoaderDelegate from class [org.springframework.test.context.cache.DefaultCacheAwareContextLoaderDelegate]
09:11:36.755 [main] DEBUG org.springframework.test.context.BootstrapUtils - Instantiating BootstrapContext using constructor [public org.springframework.test.context.support.DefaultBootstrapContext(java.lang.Class,org.springframework.test.context.CacheAwareContextLoaderDelegate)]
09:11:36.755 [main] DEBUG org.springframework.test.context.BootstrapUtils - Instantiating TestContextBootstrapper for test class [com.bus24.integration.Bus24IntegrationApplicationTests] from class [org.springframework.boot.test.context.SpringBootTestContextBootstrapper]
09:11:36.755 [main] INFO org.springframework.boot.test.context.SpringBootTestContextBootstrapper - Neither @ContextConfiguration nor @ContextHierarchy found for test class [com.bus24.integration.Bus24IntegrationApplicationTests], using SpringBootContextLoader
09:11:36.755 [main] DEBUG org.springframework.test.context.support.AbstractContextLoader - Did not detect default resource location for test class [com.bus24.integration.Bus24IntegrationApplicationTests]: class path resource [com/bus24/integration/Bus24IntegrationApplicationTests-context.xml] does not exist
09:11:36.755 [main] DEBUG org.springframework.test.context.support.AbstractContextLoader - Did not detect default resource location for test class [com.bus24.integration.Bus24IntegrationApplicationTests]: class path resource [com/bus24/integration/Bus24IntegrationApplicationTestsContext.groovy] does not exist
09:11:36.755 [main] INFO org.springframework.test.context.support.AbstractContextLoader - Could not detect default resource locations for test class [com.bus24.integration.Bus24IntegrationApplicationTests]: no resource found for suffixes {-context.xml, Context.groovy}.
09:11:36.755 [main] INFO org.springframework.test.context.support.AnnotationConfigContextLoaderUtils - Could not detect default configuration classes for test class [com.bus24.integration.Bus24IntegrationApplicationTests]: Bus24IntegrationApplicationTests does not declare any static, non-private, non-final, nested classes annotated with @Configuration.
09:11:36.770 [main] DEBUG org.springframework.test.context.support.ActiveProfilesUtils - Could not find an 'annotation declaring class' for annotation type [org.springframework.test.context.ActiveProfiles] and class [com.bus24.integration.Bus24IntegrationApplicationTests]
09:11:36.770 [main] DEBUG org.springframework.core.env.StandardEnvironment - Adding [systemProperties] PropertySource with lowest search precedence
09:11:36.770 [main] DEBUG org.springframework.core.env.StandardEnvironment - Adding [systemEnvironment] PropertySource with lowest search precedence
09:11:36.770 [main] DEBUG org.springframework.core.env.StandardEnvironment - Initialized StandardEnvironment with PropertySources [systemProperties,systemEnvironment]
09:11:36.770 [main] DEBUG org.springframework.core.io.support.PathMatchingResourcePatternResolver - Resolved classpath location [com/bus24/integration/] to resources [URL [file:/G:/STSPROGRAM/Bus24_Integration/target/test-classes/com/bus24/integration/], URL [file:/G:/STSPROGRAM/Bus24_Integration/target/classes/com/bus24/integration/]]
09:11:36.770 [main] DEBUG org.springframework.core.io.support.PathMatchingResourcePatternResolver - Looking for matching resources in directory tree [G:\STSPROGRAM\Bus24_Integration\target\test-classes\com\bus24\integration]
09:11:36.770 [main] DEBUG org.springframework.core.io.support.PathMatchingResourcePatternResolver - Searching directory [G:\STSPROGRAM\Bus24_Integration\target\test-classes\com\bus24\integration] for files matching pattern [G:/STSPROGRAM/Bus24_Integration/target/test-classes/com/bus24/integration/*.class]
09:11:36.770 [main] DEBUG org.springframework.core.io.support.PathMatchingResourcePatternResolver - Looking for matching resources in directory tree [G:\STSPROGRAM\Bus24_Integration\target\classes\com\bus24\integration]
09:11:36.770 [main] DEBUG org.springframework.core.io.support.PathMatchingResourcePatternResolver - Searching directory [G:\STSPROGRAM\Bus24_Integration\target\classes\com\bus24\integration] for files matching pattern [G:/STSPROGRAM/Bus24_Integration/target/classes/com/bus24/integration/*.class]
09:11:36.770 [main] DEBUG org.springframework.core.io.support.PathMatchingResourcePatternResolver - Resolved location pattern [classpath*:com/bus24/integration/*.class] to resources [file [G:\STSPROGRAM\Bus24_Integration\target\test-classes\com\bus24\integration\Bus24IntegrationApplicationTests.class], file [G:\STSPROGRAM\Bus24_Integration\target\classes\com\bus24\integration\UserSmsServiceClient.class], file [G:\STSPROGRAM\Bus24_Integration\target\classes\com\bus24\integration\UserSmsServiceClientImpl.class]]
09:11:36.770 [main] DEBUG org.springframework.core.io.support.PathMatchingResourcePatternResolver - Resolved classpath location [com/bus24/] to resources [URL [file:/G:/STSPROGRAM/Bus24_Integration/target/test-classes/com/bus24/], URL [file:/G:/STSPROGRAM/Bus24_Integration/target/classes/com/bus24/]]
09:11:36.770 [main] DEBUG org.springframework.core.io.support.PathMatchingResourcePatternResolver - Looking for matching resources in directory tree [G:\STSPROGRAM\Bus24_Integration\target\test-classes\com\bus24]
09:11:36.770 [main] DEBUG org.springframework.core.io.support.PathMatchingResourcePatternResolver - Searching directory [G:\STSPROGRAM\Bus24_Integration\target\test-classes\com\bus24] for files matching pattern [G:/STSPROGRAM/Bus24_Integration/target/test-classes/com/bus24/*.class]
09:11:36.770 [main] DEBUG org.springframework.core.io.support.PathMatchingResourcePatternResolver - Looking for matching resources in directory tree [G:\STSPROGRAM\Bus24_Integration\target\classes\com\bus24]
09:11:36.770 [main] DEBUG org.springframework.core.io.support.PathMatchingResourcePatternResolver - Searching directory [G:\STSPROGRAM\Bus24_Integration\target\classes\com\bus24] for files matching pattern [G:/STSPROGRAM/Bus24_Integration/target/classes/com/bus24/*.class]
09:11:36.770 [main] DEBUG org.springframework.core.io.support.PathMatchingResourcePatternResolver - Resolved location pattern [classpath*:com/bus24/*.class] to resources []
09:11:36.770 [main] DEBUG org.springframework.core.io.support.PathMatchingResourcePatternResolver - Resolved classpath location [com/] to resources [URL [file:/G:/STSPROGRAM/Bus24_Integration/target/test-classes/com/], URL [file:/G:/STSPROGRAM/Bus24_Integration/target/classes/com/], URL [jar:file:/C:/Users/DELL/.m2/repository/com/jayway/jsonpath/json-path/2.2.0/json-path-2.2.0.jar!/com/]]
09:11:36.770 [main] DEBUG org.springframework.core.io.support.PathMatchingResourcePatternResolver - Looking for matching resources in directory tree [G:\STSPROGRAM\Bus24_Integration\target\test-classes\com]
09:11:36.770 [main] DEBUG org.springframework.core.io.support.PathMatchingResourcePatternResolver - Searching directory [G:\STSPROGRAM\Bus24_Integration\target\test-classes\com] for files matching pattern [G:/STSPROGRAM/Bus24_Integration/target/test-classes/com/*.class]
09:11:36.770 [main] DEBUG org.springframework.core.io.support.PathMatchingResourcePatternResolver - Looking for matching resources in directory tree [G:\STSPROGRAM\Bus24_Integration\target\classes\com]
09:11:36.770 [main] DEBUG org.springframework.core.io.support.PathMatchingResourcePatternResolver - Searching directory [G:\STSPROGRAM\Bus24_Integration\target\classes\com] for files matching pattern [G:/STSPROGRAM/Bus24_Integration/target/classes/com/*.class]
09:11:36.786 [main] DEBUG org.springframework.core.io.support.PathMatchingResourcePatternResolver - Looking for matching resources in jar file [file:/C:/Users/DELL/.m2/repository/com/jayway/jsonpath/json-path/2.2.0/json-path-2.2.0.jar]
09:11:36.801 [main] DEBUG org.springframework.core.io.support.PathMatchingResourcePatternResolver - Resolved location pattern [classpath*:com/*.class] to resources []
]]></system-out>
  </testcase>
</testsuite>